# JRE version: OpenJDK Runtime Environment (8.0_162-b12) (build 1.8.0_162-b12)
# Java VM: OpenJDK 64-Bit Server VM (25.162-b12 mixed mode linux-amd64 compressed oops)
Heap:
 PSYoungGen      total 220160K, used 187948K [0x00000000f0000000, 0x00000000ffb00000, 0x0000000100000000)
  eden space 183808K, 100% used [0x00000000f0000000,0x00000000fb380000,0x00000000fb380000)
  from space 36352K, 11% used [0x00000000fb380000,0x00000000fb78b140,0x00000000fd700000)
  to   space 34304K, 9% used [0x00000000fd980000,0x00000000fdcd0030,0x00000000ffb00000)
 ParOldGen       total 235008K, used 143086K [0x00000000d0000000, 0x00000000de580000, 0x00000000f0000000)
  object space 235008K, 60% used [0x00000000d0000000,0x00000000d8bbbac8,0x00000000de580000)
 Metaspace       used 89864K, capacity 100806K, committed 100864K, reserved 1138688K
  class space    used 11591K, capacity 12285K, committed 12288K, reserved 1048576K
GC Heap History (10 events):
Event: 86.405 GC heap after
Heap after GC invocations=42 (full 5):
 PSYoungGen      total 218624K, used 736K [0x00000000f0000000, 0x00000000ffd00000, 0x0000000100000000)
  eden space 177152K, 0% used [0x00000000f0000000,0x00000000f0000000,0x00000000fad00000)
  from space 41472K, 1% used [0x00000000fad00000,0x00000000fadb8000,0x00000000fd580000)
  to   space 40448K, 0% used [0x00000000fd580000,0x00000000fd580000,0x00000000ffd00000)
 ParOldGen       total 235008K, used 137396K [0x00000000d0000000, 0x00000000de580000, 0x00000000f0000000)
  object space 235008K, 58% used [0x00000000d0000000,0x00000000d862d208,0x00000000de580000)
 Metaspace       used 89709K, capacity 100588K, committed 100608K, reserved 1138688K
  class space    used 11583K, capacity 12270K, committed 12288K, reserved 1048576K
}
Event: 86.586 GC heap before
{Heap before GC invocations=43 (full 5):
 PSYoungGen      total 218624K, used 177888K [0x00000000f0000000, 0x00000000ffd00000, 0x0000000100000000)
  eden space 177152K, 100% used [0x00000000f0000000,0x00000000fad00000,0x00000000fad00000)
  from space 41472K, 1% used [0x00000000fad00000,0x00000000fadb8000,0x00000000fd580000)
  to   space 40448K, 0% used [0x00000000fd580000,0x00000000fd580000,0x00000000ffd00000)
 ParOldGen       total 235008K, used 137396K [0x00000000d0000000, 0x00000000de580000, 0x00000000f0000000)
  object space 235008K, 58% used [0x00000000d0000000,0x00000000d862d208,0x00000000de580000)
 Metaspace       used 89710K, capacity 100588K, committed 100608K, reserved 1138688K
  class space    used 11583K, capacity 12270K, committed 12288K, reserved 1048576K
Event: 86.593 GC heap after
Heap after GC invocations=43 (full 5):
 PSYoungGen      total 219648K, used 1088K [0x00000000f0000000, 0x00000000ffd00000, 0x0000000100000000)
  eden space 179200K, 0% used [0x00000000f0000000,0x00000000f0000000,0x00000000faf00000)
  from space 40448K, 2% used [0x00000000fd580000,0x00000000fd690000,0x00000000ffd00000)
  to   space 39424K, 0% used [0x00000000faf00000,0x00000000faf00000,0x00000000fd580000)
 ParOldGen       total 235008K, used 137996K [0x00000000d0000000, 0x00000000de580000, 0x00000000f0000000)
  object space 235008K, 58% used [0x00000000d0000000,0x00000000d86c3208,0x00000000de580000)
 Metaspace       used 89710K, capacity 100588K, committed 100608K, reserved 1138688K
  class space    used 11583K, capacity 12270K, committed 12288K, reserved 1048576K
}
Event: 86.765 GC heap before
{Heap before GC invocations=44 (full 5):
 PSYoungGen      total 219648K, used 180288K [0x00000000f0000000, 0x00000000ffd00000, 0x0000000100000000)
  eden space 179200K, 100% used [0x00000000f0000000,0x00000000faf00000,0x00000000faf00000)
  from space 40448K, 2% used [0x00000000fd580000,0x00000000fd690000,0x00000000ffd00000)
  to   space 39424K, 0% used [0x00000000faf00000,0x00000000faf00000,0x00000000fd580000)
 ParOldGen       total 235008K, used 137996K [0x00000000d0000000, 0x00000000de580000, 0x00000000f0000000)
  object space 235008K, 58% used [0x00000000d0000000,0x00000000d86c3208,0x00000000de580000)
 Metaspace       used 89710K, capacity 100588K, committed 100608K, reserved 1138688K
  class space    used 11583K, capacity 12270K, committed 12288K, reserved 1048576K
Event: 86.771 GC heap after
Heap after GC invocations=44 (full 5):
 PSYoungGen      total 218624K, used 576K [0x00000000f0000000, 0x00000000ffc00000, 0x0000000100000000)
  eden space 179200K, 0% used [0x00000000f0000000,0x00000000f0000000,0x00000000faf00000)
  from space 39424K, 1% used [0x00000000faf00000,0x00000000faf90000,0x00000000fd580000)
  to   space 37888K, 0% used [0x00000000fd700000,0x00000000fd700000,0x00000000ffc00000)
 ParOldGen       total 235008K, used 138972K [0x00000000d0000000, 0x00000000de580000, 0x00000000f0000000)
  object space 235008K, 59% used [0x00000000d0000000,0x00000000d87b7208,0x00000000de580000)
 Metaspace       used 89710K, capacity 100588K, committed 100608K, reserved 1138688K
  class space    used 11583K, capacity 12270K, committed 12288K, reserved 1048576K
}
Event: 86.936 GC heap before
{Heap before GC invocations=45 (full 5):
 PSYoungGen      total 218624K, used 179776K [0x00000000f0000000, 0x00000000ffc00000, 0x0000000100000000)
  eden space 179200K, 100% used [0x00000000f0000000,0x00000000faf00000,0x00000000faf00000)
  from space 39424K, 1% used [0x00000000faf00000,0x00000000faf90000,0x00000000fd580000)
  to   space 37888K, 0% used [0x00000000fd700000,0x00000000fd700000,0x00000000ffc00000)
 ParOldGen       total 235008K, used 138972K [0x00000000d0000000, 0x00000000de580000, 0x00000000f0000000)
  object space 235008K, 59% used [0x00000000d0000000,0x00000000d87b7208,0x00000000de580000)
 Metaspace       used 89711K, capacity 100588K, committed 100608K, reserved 1138688K
  class space    used 11583K, capacity 12270K, committed 12288K, reserved 1048576K
Event: 86.943 GC heap after
Heap after GC invocations=45 (full 5):
 PSYoungGen      total 221184K, used 960K [0x00000000f0000000, 0x00000000ffb80000, 0x0000000100000000)
  eden space 183808K, 0% used [0x00000000f0000000,0x00000000f0000000,0x00000000fb380000)
  from space 37376K, 2% used [0x00000000fd700000,0x00000000fd7f0000,0x00000000ffb80000)
  to   space 36352K, 0% used [0x00000000fb380000,0x00000000fb380000,0x00000000fd700000)
 ParOldGen       total 235008K, used 139460K [0x00000000d0000000, 0x00000000de580000, 0x00000000f0000000)
  object space 235008K, 59% used [0x00000000d0000000,0x00000000d8831208,0x00000000de580000)
 Metaspace       used 89711K, capacity 100588K, committed 100608K, reserved 1138688K
  class space    used 11583K, capacity 12270K, committed 12288K, reserved 1048576K
}
Event: 87.580 GC heap before
{Heap before GC invocations=46 (full 5):
 PSYoungGen      total 221184K, used 184768K [0x00000000f0000000, 0x00000000ffb80000, 0x0000000100000000)
  eden space 183808K, 100% used [0x00000000f0000000,0x00000000fb380000,0x00000000fb380000)
  from space 37376K, 2% used [0x00000000fd700000,0x00000000fd7f0000,0x00000000ffb80000)
  to   space 36352K, 0% used [0x00000000fb380000,0x00000000fb380000,0x00000000fd700000)
 ParOldGen       total 235008K, used 139460K [0x00000000d0000000, 0x00000000de580000, 0x00000000f0000000)
  object space 235008K, 59% used [0x00000000d0000000,0x00000000d8831208,0x00000000de580000)
 Metaspace       used 89786K, capacity 100670K, committed 100864K, reserved 1138688K
  class space    used 11585K, capacity 12273K, committed 12288K, reserved 1048576K
Event: 87.605 GC heap after
Heap after GC invocations=46 (full 5):
 PSYoungGen      total 220160K, used 4140K [0x00000000f0000000, 0x00000000ffb00000, 0x0000000100000000)
  eden space 183808K, 0% used [0x00000000f0000000,0x00000000f0000000,0x00000000fb380000)
  from space 36352K, 11% used [0x00000000fb380000,0x00000000fb78b140,0x00000000fd700000)
  to   space 34304K, 0% used [0x00000000fd980000,0x00000000fd980000,0x00000000ffb00000)
 ParOldGen       total 235008K, used 140276K [0x00000000d0000000, 0x00000000de580000, 0x00000000f0000000)
  object space 235008K, 59% used [0x00000000d0000000,0x00000000d88fd248,0x00000000de580000)
 Metaspace       used 89786K, capacity 100670K, committed 100864K, reserved 1138688K
  class space    used 11585K, capacity 12273K, committed 12288K, reserved 1048576K
}
Event: 89.681 GC heap before
{Heap before GC invocations=47 (full 5):
 PSYoungGen      total 220160K, used 187948K [0x00000000f0000000, 0x00000000ffb00000, 0x0000000100000000)
  eden space 183808K, 100% used [0x00000000f0000000,0x00000000fb380000,0x00000000fb380000)
  from space 36352K, 11% used [0x00000000fb380000,0x00000000fb78b140,0x00000000fd700000)
  to   space 34304K, 0% used [0x00000000fd980000,0x00000000fd980000,0x00000000ffb00000)
 ParOldGen       total 235008K, used 140276K [0x00000000d0000000, 0x00000000de580000, 0x00000000f0000000)
  object space 235008K, 59% used [0x00000000d0000000,0x00000000d88fd248,0x00000000de580000)
 Metaspace       used 89864K, capacity 100806K, committed 100864K, reserved 1138688K
  class space    used 11591K, capacity 12285K, committed 12288K, reserved 1048576K

