# JRE version: OpenJDK Runtime Environment (8.0_162-b12) (build 1.8.0_162-b12)
# Java VM: OpenJDK 64-Bit Server VM (25.162-b12 mixed mode linux-amd64 compressed oops)
Heap:
 PSYoungGen      total 228864K, used 3559K [0x00000000f0000000, 0x00000000ff580000, 0x0000000100000000)
  eden space 208384K, 1% used [0x00000000f0000000,0x00000000f0379e60,0x00000000fcb80000)
  from space 20480K, 0% used [0x00000000fe180000,0x00000000fe180000,0x00000000ff580000)
  to   space 21504K, 0% used [0x00000000fcb80000,0x00000000fcb88000,0x00000000fe080000)
 ParOldGen       total 187904K, used 45313K [0x00000000d0000000, 0x00000000db780000, 0x00000000f0000000)
  object space 187904K, 24% used [0x00000000d0000000,0x00000000d2c40750,0x00000000db780000)
 Metaspace       used 84495K, capacity 93636K, committed 93992K, reserved 1132544K
  class space    used 10999K, capacity 11519K, committed 11560K, reserved 1048576K
GC Heap History (10 events):
Event: 46.625 GC heap after
Heap after GC invocations=18 (full 3):
 PSYoungGen      total 183808K, used 8822K [0x00000000f0000000, 0x00000000fe480000, 0x0000000100000000)
  eden space 158208K, 0% used [0x00000000f0000000,0x00000000f0000000,0x00000000f9a80000)
  from space 25600K, 34% used [0x00000000f9a80000,0x00000000fa31d920,0x00000000fb380000)
  to   space 24576K, 0% used [0x00000000fcc80000,0x00000000fcc80000,0x00000000fe480000)
 ParOldGen       total 187904K, used 65117K [0x00000000d0000000, 0x00000000db780000, 0x00000000f0000000)
  object space 187904K, 34% used [0x00000000d0000000,0x00000000d3f976a8,0x00000000db780000)
 Metaspace       used 79692K, capacity 88240K, committed 88488K, reserved 1126400K
  class space    used 10393K, capacity 10874K, committed 10920K, reserved 1048576K
}
Event: 48.160 GC heap before
{Heap before GC invocations=19 (full 3):
 PSYoungGen      total 183808K, used 167030K [0x00000000f0000000, 0x00000000fe480000, 0x0000000100000000)
  eden space 158208K, 100% used [0x00000000f0000000,0x00000000f9a80000,0x00000000f9a80000)
  from space 25600K, 34% used [0x00000000f9a80000,0x00000000fa31d920,0x00000000fb380000)
  to   space 24576K, 0% used [0x00000000fcc80000,0x00000000fcc80000,0x00000000fe480000)
 ParOldGen       total 187904K, used 65117K [0x00000000d0000000, 0x00000000db780000, 0x00000000f0000000)
  object space 187904K, 34% used [0x00000000d0000000,0x00000000d3f976a8,0x00000000db780000)
 Metaspace       used 79699K, capacity 88240K, committed 88488K, reserved 1126400K
  class space    used 10393K, capacity 10874K, committed 10920K, reserved 1048576K
Event: 48.188 GC heap after
Heap after GC invocations=19 (full 3):
 PSYoungGen      total 210432K, used 8353K [0x00000000f0000000, 0x00000000fe600000, 0x0000000100000000)
  eden space 185856K, 0% used [0x00000000f0000000,0x00000000f0000000,0x00000000fb580000)
  from space 24576K, 33% used [0x00000000fcc80000,0x00000000fd4a86d0,0x00000000fe480000)
  to   space 23552K, 0% used [0x00000000fb580000,0x00000000fb580000,0x00000000fcc80000)
 ParOldGen       total 187904K, used 65125K [0x00000000d0000000, 0x00000000db780000, 0x00000000f0000000)
  object space 187904K, 34% used [0x00000000d0000000,0x00000000d3f996a8,0x00000000db780000)
 Metaspace       used 79699K, capacity 88240K, committed 88488K, reserved 1126400K
  class space    used 10393K, capacity 10874K, committed 10920K, reserved 1048576K
}
Event: 51.972 GC heap before
{Heap before GC invocations=20 (full 3):
 PSYoungGen      total 210432K, used 194209K [0x00000000f0000000, 0x00000000fe600000, 0x0000000100000000)
  eden space 185856K, 100% used [0x00000000f0000000,0x00000000fb580000,0x00000000fb580000)
  from space 24576K, 33% used [0x00000000fcc80000,0x00000000fd4a86d0,0x00000000fe480000)
  to   space 23552K, 0% used [0x00000000fb580000,0x00000000fb580000,0x00000000fcc80000)
 ParOldGen       total 187904K, used 65125K [0x00000000d0000000, 0x00000000db780000, 0x00000000f0000000)
  object space 187904K, 34% used [0x00000000d0000000,0x00000000d3f996a8,0x00000000db780000)
 Metaspace       used 82121K, capacity 90872K, committed 91048K, reserved 1128448K
  class space    used 10660K, capacity 11159K, committed 11176K, reserved 1048576K
Event: 52.006 GC heap after
Heap after GC invocations=20 (full 3):
 PSYoungGen      total 209408K, used 10858K [0x00000000f0000000, 0x00000000ff780000, 0x0000000100000000)
  eden space 185856K, 0% used [0x00000000f0000000,0x00000000f0000000,0x00000000fb580000)
  from space 23552K, 46% used [0x00000000fb580000,0x00000000fc01a810,0x00000000fcc80000)
  to   space 22528K, 0% used [0x00000000fe180000,0x00000000fe180000,0x00000000ff780000)
 ParOldGen       total 187904K, used 65133K [0x00000000d0000000, 0x00000000db780000, 0x00000000f0000000)
  object space 187904K, 34% used [0x00000000d0000000,0x00000000d3f9b6a8,0x00000000db780000)
 Metaspace       used 82121K, capacity 90872K, committed 91048K, reserved 1128448K
  class space    used 10660K, capacity 11159K, committed 11176K, reserved 1048576K
}
Event: 53.723 GC heap before
{Heap before GC invocations=21 (full 3):
 PSYoungGen      total 209408K, used 60174K [0x00000000f0000000, 0x00000000ff780000, 0x0000000100000000)
  eden space 185856K, 26% used [0x00000000f0000000,0x00000000f3029228,0x00000000fb580000)
  from space 23552K, 46% used [0x00000000fb580000,0x00000000fc01a810,0x00000000fcc80000)
  to   space 22528K, 0% used [0x00000000fe180000,0x00000000fe180000,0x00000000ff780000)
 ParOldGen       total 187904K, used 65133K [0x00000000d0000000, 0x00000000db780000, 0x00000000f0000000)
  object space 187904K, 34% used [0x00000000d0000000,0x00000000d3f9b6a8,0x00000000db780000)
 Metaspace       used 84550K, capacity 93746K, committed 93992K, reserved 1132544K
  class space    used 11018K, capacity 11546K, committed 11560K, reserved 1048576K
Event: 53.751 GC heap after
Heap after GC invocations=21 (full 3):
 PSYoungGen      total 228864K, used 9793K [0x00000000f0000000, 0x00000000ff580000, 0x0000000100000000)
  eden space 208384K, 0% used [0x00000000f0000000,0x00000000f0000000,0x00000000fcb80000)
  from space 20480K, 47% used [0x00000000fe180000,0x00000000feb105c8,0x00000000ff580000)
  to   space 21504K, 0% used [0x00000000fcb80000,0x00000000fcb80000,0x00000000fe080000)
 ParOldGen       total 187904K, used 65141K [0x00000000d0000000, 0x00000000db780000, 0x00000000f0000000)
  object space 187904K, 34% used [0x00000000d0000000,0x00000000d3f9d6a8,0x00000000db780000)
 Metaspace       used 84550K, capacity 93746K, committed 93992K, reserved 1132544K
  class space    used 11018K, capacity 11546K, committed 11560K, reserved 1048576K
}
Event: 53.751 GC heap before
{Heap before GC invocations=22 (full 4):
 PSYoungGen      total 228864K, used 9793K [0x00000000f0000000, 0x00000000ff580000, 0x0000000100000000)
  eden space 208384K, 0% used [0x00000000f0000000,0x00000000f0000000,0x00000000fcb80000)
  from space 20480K, 47% used [0x00000000fe180000,0x00000000feb105c8,0x00000000ff580000)
  to   space 21504K, 0% used [0x00000000fcb80000,0x00000000fcb80000,0x00000000fe080000)
 ParOldGen       total 187904K, used 65141K [0x00000000d0000000, 0x00000000db780000, 0x00000000f0000000)
  object space 187904K, 34% used [0x00000000d0000000,0x00000000d3f9d6a8,0x00000000db780000)
 Metaspace       used 84550K, capacity 93746K, committed 93992K, reserved 1132544K
  class space    used 11018K, capacity 11546K, committed 11560K, reserved 1048576K
Event: 54.254 GC heap after
Heap after GC invocations=22 (full 4):
 PSYoungGen      total 228864K, used 0K [0x00000000f0000000, 0x00000000ff580000, 0x0000000100000000)
  eden space 208384K, 0% used [0x00000000f0000000,0x00000000f0000000,0x00000000fcb80000)
  from space 20480K, 0% used [0x00000000fe180000,0x00000000fe180000,0x00000000ff580000)
  to   space 21504K, 0% used [0x00000000fcb80000,0x00000000fcb80000,0x00000000fe080000)
 ParOldGen       total 187904K, used 45313K [0x00000000d0000000, 0x00000000db780000, 0x00000000f0000000)
  object space 187904K, 24% used [0x00000000d0000000,0x00000000d2c40750,0x00000000db780000)
 Metaspace       used 84493K, capacity 93636K, committed 93992K, reserved 1132544K
  class space    used 10998K, capacity 11519K, committed 11560K, reserved 1048576K
}
Event: 54.275 GC heap before
{Heap before GC invocations=23 (full 4):
 PSYoungGen      total 228864K, used 3559K [0x00000000f0000000, 0x00000000ff580000, 0x0000000100000000)
  eden space 208384K, 1% used [0x00000000f0000000,0x00000000f0379e60,0x00000000fcb80000)
  from space 20480K, 0% used [0x00000000fe180000,0x00000000fe180000,0x00000000ff580000)
  to   space 21504K, 0% used [0x00000000fcb80000,0x00000000fcb80000,0x00000000fe080000)
 ParOldGen       total 187904K, used 45313K [0x00000000d0000000, 0x00000000db780000, 0x00000000f0000000)
  object space 187904K, 24% used [0x00000000d0000000,0x00000000d2c40750,0x00000000db780000)
 Metaspace       used 84495K, capacity 93636K, committed 93992K, reserved 1132544K
  class space    used 10999K, capacity 11519K, committed 11560K, reserved 1048576K

